app/build/outputs/logs/manifest-merger-debug-report.txt
-- Merging decision tree log ---
manifest
ADDED from src/main/AndroidManifest.xml:2:1-104:12
	package
		ADDED from src/main/AndroidManifest.xml:3:5-28
		INJECTED from src/main/AndroidManifest.xml
		INJECTED from src/main/AndroidManifest.xml
	android:versionName
		INJECTED from src/main/AndroidManifest.xml
		INJECTED from src/main/AndroidManifest.xml
	xmlns:android
		ADDED from src/main/AndroidManifest.xml:2:11-69
	android:versionCode
		INJECTED from src/main/AndroidManifest.xml
		INJECTED from src/main/AndroidManifest.xml
uses-permission#android.permission.INTERNET
ADDED from src/main/AndroidManifest.xml:6:5-66
	android:name
		ADDED from src/main/AndroidManifest.xml:6:22-64
uses-permission#android.permission.ACCESS_NETWORK_STATE
ADDED from src/main/AndroidManifest.xml:7:5-78
	android:name
		ADDED from src/main/AndroidManifest.xml:7:22-76
application
ADDED from src/main/AndroidManifest.xml:10:5-102:19
MERGED from [com.android.support:appcompat-v7:21.0.3] AndroidManifest.xml:16:5-19
MERGED from [com.android.support:support-v4:21.0.3] AndroidManifest.xml:16:5-19
	android:label
		ADDED from src/main/AndroidManifest.xml:13:9-41
	android:allowBackup
		ADDED from src/main/AndroidManifest.xml:11:9-35
	android:icon
		ADDED from src/main/AndroidManifest.xml:12:9-48
	android:theme
		ADDED from src/main/AndroidManifest.xml:14:9-40
activity#phoenix.delta.SessionPrep
ADDED from src/main/AndroidManifest.xml:15:9-23:20
	android:label
		ADDED from src/main/AndroidManifest.xml:17:13-45
	android:name
		ADDED from src/main/AndroidManifest.xml:16:13-40
intent-filter#android.intent.action.MAIN+android.intent.category.LAUNCHER
ADDED from src/main/AndroidManifest.xml:18:13-22:29
action#android.intent.action.MAIN
ADDED from src/main/AndroidManifest.xml:19:17-69
	android:name
		ADDED from src/main/AndroidManifest.xml:19:25-66
category#android.intent.category.LAUNCHER
ADDED from src/main/AndroidManifest.xml:21:17-77
	android:name
		ADDED from src/main/AndroidManifest.xml:21:27-74
activity#phoenix.delta.SessionStartActivity
ADDED from src/main/AndroidManifest.xml:24:9-27:20
	android:label
		ADDED from src/main/AndroidManifest.xml:26:13-65
	android:name
		ADDED from src/main/AndroidManifest.xml:25:13-49
activity#phoenix.delta.FreePlaySelection
ADDED from src/main/AndroidManifest.xml:28:9-31:20
	android:label
		ADDED from src/main/AndroidManifest.xml:30:13-71
	android:name
		ADDED from src/main/AndroidManifest.xml:29:13-46
activity#phoenix.delta.GameSelection
ADDED from src/main/AndroidManifest.xml:32:9-35:20
	android:label
		ADDED from src/main/AndroidManifest.xml:34:13-66
	android:name
		ADDED from src/main/AndroidManifest.xml:33:13-42
activity#phoenix.delta.TrialMain
ADDED from src/main/AndroidManifest.xml:36:9-39:20
	android:label
		ADDED from src/main/AndroidManifest.xml:38:13-47
	android:name
		ADDED from src/main/AndroidManifest.xml:37:13-38
activity#phoenix.delta.ForcedTrial
ADDED from src/main/AndroidManifest.xml:40:9-43:20
	android:label
		ADDED from src/main/AndroidManifest.xml:42:13-49
	android:name
		ADDED from src/main/AndroidManifest.xml:41:13-40
activity#phoenix.delta.TrialSelection
ADDED from src/main/AndroidManifest.xml:44:9-47:20
	android:label
		ADDED from src/main/AndroidManifest.xml:46:13-67
	android:name
		ADDED from src/main/AndroidManifest.xml:45:13-43
activity#droidrunjump.DroidRunJumpActivity
ADDED from src/main/AndroidManifest.xml:48:9-53:20
	android:screenOrientation
		ADDED from src/main/AndroidManifest.xml:51:13-50
	android:label
		ADDED from src/main/AndroidManifest.xml:50:13-45
	android:theme
		ADDED from src/main/AndroidManifest.xml:52:13-71
	android:name
		ADDED from src/main/AndroidManifest.xml:49:13-61
activity#phoenix.delta.TrialWaitActivity
ADDED from src/main/AndroidManifest.xml:54:9-58:20
	android:label
		ADDED from src/main/AndroidManifest.xml:57:13-62
	android:hardwareAccelerated
		ADDED from src/main/AndroidManifest.xml:56:13-48
	android:name
		ADDED from src/main/AndroidManifest.xml:55:13-46
activity#com.box.androidsdk.content.auth.OAuthActivity
ADDED from src/main/AndroidManifest.xml:59:9-63:20
	android:screenOrientation
		ADDED from src/main/AndroidManifest.xml:62:13-50
	android:label
		ADDED from src/main/AndroidManifest.xml:61:13-45
	android:name
		ADDED from src/main/AndroidManifest.xml:60:13-73
activity#phoenix.delta.DoneSessionActivity
ADDED from src/main/AndroidManifest.xml:64:9-67:20
	android:label
		ADDED from src/main/AndroidManifest.xml:66:13-64
	android:name
		ADDED from src/main/AndroidManifest.xml:65:13-48
activity#phoenix.delta.DoneFileUpload
ADDED from src/main/AndroidManifest.xml:69:10-72:21
	android:label
		ADDED from src/main/AndroidManifest.xml:71:14-69
	android:name
		ADDED from src/main/AndroidManifest.xml:70:14-44
activity#dev.emmaguy.fruitninja.ui.MainActivity
ADDED from src/main/AndroidManifest.xml:75:9-79:20
	android:configChanges
		ADDED from src/main/AndroidManifest.xml:77:13-59
	android:theme
		ADDED from src/main/AndroidManifest.xml:78:13-66
	android:name
		ADDED from src/main/AndroidManifest.xml:76:13-66
activity#br.usp.ime.retrobreaker.GameActivity
ADDED from src/main/AndroidManifest.xml:82:9-88:20
	android:screenOrientation
		ADDED from src/main/AndroidManifest.xml:86:13-56
	android:hardwareAccelerated
		ADDED from src/main/AndroidManifest.xml:85:13-47
	android:configChanges
		ADDED from src/main/AndroidManifest.xml:84:13-74
	android:theme
		ADDED from src/main/AndroidManifest.xml:87:13-45
	android:name
		ADDED from src/main/AndroidManifest.xml:83:13-64
activity#br.usp.ime.retrobreaker.MainActivity
ADDED from src/main/AndroidManifest.xml:89:9-93:20
	android:screenOrientation
		ADDED from src/main/AndroidManifest.xml:92:13-55
	android:label
		ADDED from src/main/AndroidManifest.xml:91:13-50
	android:name
		ADDED from src/main/AndroidManifest.xml:90:13-64
activity#com.mystery_of_orient_express.game.android.AndroidLauncher
ADDED from src/main/AndroidManifest.xml:94:9-99:20
	android:screenOrientation
		ADDED from src/main/AndroidManifest.xml:97:13-50
	android:label
		ADDED from src/main/AndroidManifest.xml:96:13-49
	android:configChanges
		ADDED from src/main/AndroidManifest.xml:98:13-83
	android:name
		ADDED from src/main/AndroidManifest.xml:95:13-86
uses-sdk
INJECTED from src/main/AndroidManifest.xml reason: use-sdk injection requested
MERGED from [delta-brucewayne:box-content-sdk:unspecified] AndroidManifest.xml:7:5-9:41
MERGED from [com.android.support:appcompat-v7:21.0.3] AndroidManifest.xml:15:5-42
MERGED from [com.android.support:support-v4:21.0.3] AndroidManifest.xml:15:5-42
MERGED from [com.microsoft.graph:msa-auth-for-android-adapter:0.9.0] AndroidManifest.xml:7:5-9:41
MERGED from [com.microsoft.services.msa:msa-auth:0.8.6] AndroidManifest.xml:7:5-9:41
MERGED from [com.microsoft.graph:msgraph-sdk-android:1.3.2] AndroidManifest.xml:8:5-10:41
	android:targetSdkVersion
		INJECTED from src/main/AndroidManifest.xml
		INJECTED from src/main/AndroidManifest.xml
	android:minSdkVersion
		INJECTED from src/main/AndroidManifest.xml
		INJECTED from src/main/AndroidManifest.xml
uses-permission#com.sony.mobile.permission.SYSTEM_UI_VISIBILITY_EXTENSION
ADDED from [com.microsoft.services.msa:msa-auth:0.8.6] AndroidManifest.xml:11:5-97
	android:name
		ADDED from [com.microsoft.services.msa:msa-auth:0.8.6] AndroidManifest.xml:11:22-94
uses-permission#android.permission.GET_ACCOUNTS
ADDED from [com.microsoft.graph:msgraph-sdk-android:1.3.2] AndroidManifest.xml:12:5-71
	android:name
		ADDED from [com.microsoft.graph:msgraph-sdk-android:1.3.2] AndroidManifest.xml:12:22-68
uses-permission#android.permission.USE_CREDENTIALS
ADDED from [com.microsoft.graph:msgraph-sdk-android:1.3.2] AndroidManifest.xml:13:5-74
	android:name
		ADDED from [com.microsoft.graph:msgraph-sdk-android:1.3.2] AndroidManifest.xml:13:22-71
uses-permission#android.permission.MANAGE_ACCOUNTS
ADDED from [com.microsoft.graph:msgraph-sdk-android:1.3.2] AndroidManifest.xml:14:5-74
	android:name
		ADDED from [com.microsoft.graph:msgraph-sdk-android:1.3.2] AndroidManifest.xml:14:22-71